[2021-07-20 22:37:11.096] [sharedprocess] [warning] No ptyHost heartbeat after 6 seconds
[2021-07-20 22:37:15.291] [sharedprocess] [info] [logs cleanup]: Starting to clean up old logs.
[2021-07-20 22:37:35.291] [sharedprocess] [info] [code cache cleanup]: Starting to clean up old code cache folders.
[2021-07-20 22:37:35.294] [sharedprocess] [info] [storage cleanup]: Starting to clean up storage folders.
[2021-07-20 22:37:45.291] [sharedprocess] [info] [language pack cache cleanup]: Starting to clean up unused language packs.
[2021-07-20 23:17:40.061] [sharedprocess] [warning] No ptyHost heartbeat after 6 seconds
[2021-07-21 07:15:22.934] [sharedprocess] [warning] No ptyHost heartbeat after 6 seconds
[2021-07-22 03:34:17.443] [sharedprocess] [warning] No ptyHost heartbeat after 6 seconds
[2021-07-22 03:39:14.106] [sharedprocess] [warning] No ptyHost heartbeat after 6 seconds
[2021-07-22 05:08:24.531] [sharedprocess] [warning] No ptyHost heartbeat after 6 seconds
[2021-07-22 05:16:59.338] [sharedprocess] [warning] No ptyHost heartbeat after 6 seconds
[2021-07-22 05:21:38.754] [sharedprocess] [warning] No ptyHost heartbeat after 6 seconds
[2021-07-22 05:29:31.534] [sharedprocess] [warning] No ptyHost heartbeat after 6 seconds
[2021-07-22 06:54:05.793] [sharedprocess] [warning] No ptyHost heartbeat after 6 seconds
[2021-07-22 06:59:57.959] [sharedprocess] [warning] No ptyHost heartbeat after 6 seconds
[2021-07-22 07:05:10.365] [sharedprocess] [warning] No ptyHost heartbeat after 6 seconds
[2021-07-22 07:12:17.851] [sharedprocess] [warning] No ptyHost heartbeat after 6 seconds
[2021-07-22 07:20:41.151] [sharedprocess] [warning] No ptyHost heartbeat after 6 seconds
[2021-07-22 07:21:11.830] [sharedprocess] [warning] No ptyHost heartbeat after 6 seconds
[2021-07-22 07:22:50.371] [sharedprocess] [warning] No ptyHost heartbeat after 6 seconds
[2021-07-22 07:24:59.486] [sharedprocess] [warning] No ptyHost heartbeat after 6 seconds
[2021-07-22 14:01:11.155] [sharedprocess] [warning] No ptyHost heartbeat after 6 seconds
[2021-07-22 14:05:59.636] [sharedprocess] [warning] No ptyHost heartbeat after 6 seconds
[2021-07-23 05:59:23.052] [sharedprocess] [warning] No ptyHost heartbeat after 6 seconds
[2021-07-24 10:07:35.365] [sharedprocess] [warning] No ptyHost heartbeat after 6 seconds
[2021-07-24 11:03:29.341] [sharedprocess] [warning] No ptyHost heartbeat after 6 seconds
[2021-07-24 14:21:48.760] [sharedprocess] [warning] No ptyHost heartbeat after 6 seconds
[2021-07-25 14:30:06.523] [sharedprocess] [warning] No ptyHost heartbeat after 6 seconds
[2021-07-25 14:31:44.196] [sharedprocess] [warning] No ptyHost heartbeat after 6 seconds
[2021-07-25 14:36:17.748] [sharedprocess] [warning] No ptyHost heartbeat after 6 seconds
[2021-07-25 14:36:25.392] [sharedprocess] [warning] No ptyHost heartbeat after 6 seconds
[2021-07-25 14:37:52.019] [sharedprocess] [warning] No ptyHost heartbeat after 6 seconds
[2021-07-26 19:23:36.104] [sharedprocess] [warning] No ptyHost heartbeat after 6 seconds
[2021-07-26 19:28:43.762] [sharedprocess] [warning] No ptyHost heartbeat after 6 seconds
[2021-07-26 22:20:40.695] [sharedprocess] [warning] No ptyHost heartbeat after 6 seconds
[2021-07-26 22:21:48.211] [sharedprocess] [warning] No ptyHost heartbeat after 6 seconds
[2021-07-26 22:33:42.753] [sharedprocess] [warning] No ptyHost heartbeat after 6 seconds
[2021-07-27 19:03:19.819] [sharedprocess] [warning] No ptyHost heartbeat after 6 seconds
[2021-07-27 23:03:19.849] [sharedprocess] [warning] No ptyHost heartbeat after 6 seconds
[2021-07-28 15:28:04.667] [sharedprocess] [warning] No ptyHost heartbeat after 6 seconds
[2021-07-28 15:39:26.572] [sharedprocess] [warning] No ptyHost heartbeat after 6 seconds
[2021-07-28 15:44:35.074] [sharedprocess] [warning] No ptyHost heartbeat after 6 seconds
[2021-07-30 13:39:25.533] [sharedprocess] [warning] No ptyHost heartbeat after 6 seconds
[2021-07-30 13:51:19.405] [sharedprocess] [warning] No ptyHost heartbeat after 6 seconds
[2021-07-31 21:10:30.992] [sharedprocess] [warning] No ptyHost heartbeat after 6 seconds
[2021-07-31 21:13:09.401] [sharedprocess] [warning] No ptyHost heartbeat after 6 seconds
[2021-08-01 14:18:55.168] [sharedprocess] [warning] No ptyHost heartbeat after 6 seconds
[2021-08-01 14:22:31.396] [sharedprocess] [warning] No ptyHost heartbeat after 6 seconds
[2021-08-01 21:02:10.584] [sharedprocess] [warning] No ptyHost heartbeat after 6 seconds
[2021-08-01 21:06:28.274] [sharedprocess] [warning] No ptyHost heartbeat after 6 seconds
[2021-08-01 21:07:00.061] [sharedprocess] [warning] No ptyHost heartbeat after 6 seconds
[2021-08-01 21:10:40.210] [sharedprocess] [warning] No ptyHost heartbeat after 6 seconds
[2021-08-02 06:27:20.671] [sharedprocess] [warning] No ptyHost heartbeat after 6 seconds
[2021-08-02 11:53:44.514] [sharedprocess] [warning] No ptyHost heartbeat after 6 seconds
[2021-08-02 12:14:31.482] [sharedprocess] [warning] No ptyHost heartbeat after 6 seconds
[2021-08-02 12:22:53.409] [sharedprocess] [warning] No ptyHost heartbeat after 6 seconds
[2021-08-02 14:08:50.681] [sharedprocess] [warning] No ptyHost heartbeat after 6 seconds
[2021-08-02 14:10:47.935] [sharedprocess] [warning] No ptyHost heartbeat after 6 seconds
[2021-08-02 14:48:33.598] [sharedprocess] [warning] No ptyHost heartbeat after 6 seconds
[2021-08-04 12:22:15.434] [sharedprocess] [warning] No ptyHost heartbeat after 6 seconds
[2021-08-04 12:38:29.028] [sharedprocess] [warning] No ptyHost heartbeat after 6 seconds
[2021-08-04 13:35:35.972] [sharedprocess] [warning] No ptyHost heartbeat after 6 seconds
[2021-08-04 14:15:34.634] [sharedprocess] [warning] No ptyHost heartbeat after 6 seconds
[2021-08-07 14:26:13.694] [sharedprocess] [warning] No ptyHost heartbeat after 6 seconds
[2021-08-09 09:19:28.825] [sharedprocess] [warning] No ptyHost heartbeat after 6 seconds
[2021-08-09 09:24:22.716] [sharedprocess] [warning] No ptyHost heartbeat after 6 seconds
[2021-08-09 09:31:48.041] [sharedprocess] [warning] No ptyHost heartbeat after 6 seconds
[2021-08-09 11:05:50.688] [sharedprocess] [warning] No ptyHost heartbeat after 6 seconds
[2021-08-09 13:42:49.746] [sharedprocess] [warning] No ptyHost heartbeat after 6 seconds
