[2021-09-13 20:13:00.990] [exthost] [info] extension host started
[2021-09-13 20:13:00.990] [exthost] [info] Skipping acquiring lock for /root/.config/Code/User/workspaceStorage/60237279d20bc00d1d75c00797ec111d.
[2021-09-13 20:13:01.462] [exthost] [info] ExtensionService#_doActivateExtension vscode.microsoft-authentication {"startup":false,"extensionId":{"value":"vscode.microsoft-authentication","_lower":"vscode.microsoft-authentication"},"activationEvent":"onAuthenticationRequest:microsoft"}
[2021-09-13 20:13:01.462] [exthost] [info] ExtensionService#loadCommonJSModule file:///snap/code/73/usr/share/code/resources/app/extensions/microsoft-authentication/dist/extension.js
[2021-09-13 20:13:01.686] [exthost] [info] ExtensionService#_doActivateExtension vscode.configuration-editing {"startup":false,"extensionId":{"value":"vscode.configuration-editing","_lower":"vscode.configuration-editing"},"activationEvent":"onLanguage:json"}
[2021-09-13 20:13:01.686] [exthost] [info] ExtensionService#loadCommonJSModule file:///snap/code/73/usr/share/code/resources/app/extensions/configuration-editing/dist/configurationEditingMain
[2021-09-13 20:13:01.732] [exthost] [info] ExtensionService#_doActivateExtension vscode.extension-editing {"startup":false,"extensionId":{"value":"vscode.extension-editing","_lower":"vscode.extension-editing"},"activationEvent":"onLanguage:json"}
[2021-09-13 20:13:01.732] [exthost] [info] ExtensionService#loadCommonJSModule file:///snap/code/73/usr/share/code/resources/app/extensions/extension-editing/dist/extensionEditingMain
[2021-09-13 20:13:01.796] [exthost] [info] ExtensionService#_doActivateExtension vscode.json-language-features {"startup":false,"extensionId":{"value":"vscode.json-language-features","_lower":"vscode.json-language-features"},"activationEvent":"onLanguage:json"}
[2021-09-13 20:13:01.796] [exthost] [info] ExtensionService#loadCommonJSModule file:///snap/code/73/usr/share/code/resources/app/extensions/json-language-features/client/dist/node/jsonClientMain
[2021-09-13 20:13:02.013] [exthost] [info] ExtensionService#_doActivateExtension vscode.npm {"startup":false,"extensionId":{"value":"vscode.npm","_lower":"vscode.npm"},"activationEvent":"onLanguage:json"}
[2021-09-13 20:13:02.013] [exthost] [info] ExtensionService#loadCommonJSModule file:///snap/code/73/usr/share/code/resources/app/extensions/npm/dist/npmMain
[2021-09-13 20:13:02.117] [exthost] [info] ExtensionService#_doActivateExtension vscode.typescript-language-features {"startup":false,"extensionId":{"value":"vscode.typescript-language-features","_lower":"vscode.typescript-language-features"},"activationEvent":"onLanguage:javascript"}
[2021-09-13 20:13:02.123] [exthost] [info] ExtensionService#loadCommonJSModule file:///snap/code/73/usr/share/code/resources/app/extensions/typescript-language-features/dist/extension
[2021-09-13 20:13:02.330] [exthost] [info] ExtensionService#_doActivateExtension vscode.debug-auto-launch {"startup":true,"extensionId":{"value":"vscode.debug-auto-launch","_lower":"vscode.debug-auto-launch"},"activationEvent":"*"}
[2021-09-13 20:13:02.330] [exthost] [info] ExtensionService#loadCommonJSModule file:///snap/code/73/usr/share/code/resources/app/extensions/debug-auto-launch/dist/extension
[2021-09-13 20:13:02.343] [exthost] [info] ExtensionService#_doActivateExtension vscode.git {"startup":true,"extensionId":{"value":"vscode.github","_lower":"vscode.github"},"activationEvent":"*"}
[2021-09-13 20:13:02.343] [exthost] [info] ExtensionService#loadCommonJSModule file:///snap/code/73/usr/share/code/resources/app/extensions/git/dist/main
[2021-09-13 20:13:04.091] [exthost] [info] ExtensionService#_doActivateExtension vscode.github {"startup":true,"extensionId":{"value":"vscode.github","_lower":"vscode.github"},"activationEvent":"*"}
[2021-09-13 20:13:04.091] [exthost] [info] ExtensionService#loadCommonJSModule file:///snap/code/73/usr/share/code/resources/app/extensions/github/dist/extension.js
[2021-09-13 20:13:04.486] [exthost] [info] eager extensions activated
[2021-09-13 20:13:04.551] [exthost] [info] ExtensionService#_doActivateExtension ms-vscode.js-debug {"startup":false,"extensionId":{"value":"ms-vscode.js-debug","_lower":"ms-vscode.js-debug"},"activationEvent":"onCommand:extension.js-debug.clearAutoAttachVariables"}
[2021-09-13 20:13:04.551] [exthost] [info] ExtensionService#loadCommonJSModule file:///snap/code/73/usr/share/code/resources/app/extensions/ms-vscode.js-debug/src/extension.js
[2021-09-13 20:13:05.703] [exthost] [info] ExtensionService#_doActivateExtension vscode.emmet {"startup":false,"extensionId":{"value":"vscode.emmet","_lower":"vscode.emmet"},"activationEvent":"onStartupFinished"}
[2021-09-13 20:13:05.704] [exthost] [info] ExtensionService#loadCommonJSModule file:///snap/code/73/usr/share/code/resources/app/extensions/emmet/dist/node/emmetNodeMain
[2021-09-13 20:13:05.757] [exthost] [info] ExtensionService#_doActivateExtension vscode.merge-conflict {"startup":false,"extensionId":{"value":"vscode.merge-conflict","_lower":"vscode.merge-conflict"},"activationEvent":"onStartupFinished"}
[2021-09-13 20:13:05.758] [exthost] [info] ExtensionService#loadCommonJSModule file:///snap/code/73/usr/share/code/resources/app/extensions/merge-conflict/dist/mergeConflictMain
[2021-09-13 20:13:05.869] [exthost] [info] ExtensionService#_doActivateExtension vscode.github-authentication {"startup":false,"extensionId":{"value":"vscode.github-authentication","_lower":"vscode.github-authentication"},"activationEvent":"onAuthenticationRequest:github"}
[2021-09-13 20:13:05.869] [exthost] [info] ExtensionService#loadCommonJSModule file:///snap/code/73/usr/share/code/resources/app/extensions/github-authentication/dist/extension.js
[2021-09-13 20:15:31.320] [exthost] [info] extension host terminating: renderer closed the socket
[2021-09-13 20:15:32.438] [exthost] [info] exiting with code 0
[2021-09-13 20:15:36.050] [exthost] [info] extension host started
[2021-09-13 20:15:36.050] [exthost] [info] Skipping acquiring lock for /root/.config/Code/User/workspaceStorage/a56f0ccaf81c6c179a9d172f5fdc445a.
[2021-09-13 20:15:36.270] [exthost] [info] ExtensionService#_doActivateExtension vscode.microsoft-authentication {"startup":false,"extensionId":{"value":"vscode.microsoft-authentication","_lower":"vscode.microsoft-authentication"},"activationEvent":"onAuthenticationRequest:microsoft"}
[2021-09-13 20:15:36.271] [exthost] [info] ExtensionService#loadCommonJSModule file:///snap/code/73/usr/share/code/resources/app/extensions/microsoft-authentication/dist/extension.js
[2021-09-13 20:15:36.298] [exthost] [info] ExtensionService#_doActivateExtension vscode.debug-auto-launch {"startup":true,"extensionId":{"value":"vscode.debug-auto-launch","_lower":"vscode.debug-auto-launch"},"activationEvent":"*"}
[2021-09-13 20:15:36.298] [exthost] [info] ExtensionService#loadCommonJSModule file:///snap/code/73/usr/share/code/resources/app/extensions/debug-auto-launch/dist/extension
[2021-09-13 20:15:36.320] [exthost] [info] ExtensionService#_doActivateExtension vscode.git {"startup":true,"extensionId":{"value":"vscode.github","_lower":"vscode.github"},"activationEvent":"*"}
[2021-09-13 20:15:36.320] [exthost] [info] ExtensionService#loadCommonJSModule file:///snap/code/73/usr/share/code/resources/app/extensions/git/dist/main
[2021-09-13 20:15:37.040] [exthost] [info] ExtensionService#_doActivateExtension vscode.github {"startup":true,"extensionId":{"value":"vscode.github","_lower":"vscode.github"},"activationEvent":"*"}
[2021-09-13 20:15:37.041] [exthost] [info] ExtensionService#loadCommonJSModule file:///snap/code/73/usr/share/code/resources/app/extensions/github/dist/extension.js
[2021-09-13 20:15:37.241] [exthost] [info] eager extensions activated
[2021-09-13 20:15:37.268] [exthost] [info] ExtensionService#_doActivateExtension ms-vscode.js-debug {"startup":false,"extensionId":{"value":"ms-vscode.js-debug","_lower":"ms-vscode.js-debug"},"activationEvent":"onCommand:extension.js-debug.clearAutoAttachVariables"}
[2021-09-13 20:15:37.268] [exthost] [info] ExtensionService#loadCommonJSModule file:///snap/code/73/usr/share/code/resources/app/extensions/ms-vscode.js-debug/src/extension.js
[2021-09-13 20:15:37.804] [exthost] [info] ExtensionService#_doActivateExtension vscode.emmet {"startup":false,"extensionId":{"value":"vscode.emmet","_lower":"vscode.emmet"},"activationEvent":"onStartupFinished"}
[2021-09-13 20:15:37.805] [exthost] [info] ExtensionService#loadCommonJSModule file:///snap/code/73/usr/share/code/resources/app/extensions/emmet/dist/node/emmetNodeMain
[2021-09-13 20:15:37.827] [exthost] [info] ExtensionService#_doActivateExtension vscode.merge-conflict {"startup":false,"extensionId":{"value":"vscode.merge-conflict","_lower":"vscode.merge-conflict"},"activationEvent":"onStartupFinished"}
[2021-09-13 20:15:37.827] [exthost] [info] ExtensionService#loadCommonJSModule file:///snap/code/73/usr/share/code/resources/app/extensions/merge-conflict/dist/mergeConflictMain
[2021-09-13 20:15:37.956] [exthost] [info] ExtensionService#_doActivateExtension vscode.github-authentication {"startup":false,"extensionId":{"value":"vscode.github-authentication","_lower":"vscode.github-authentication"},"activationEvent":"onAuthenticationRequest:github"}
[2021-09-13 20:15:37.956] [exthost] [info] ExtensionService#loadCommonJSModule file:///snap/code/73/usr/share/code/resources/app/extensions/github-authentication/dist/extension.js
[2021-09-13 20:18:19.320] [exthost] [info] ExtensionService#_doActivateExtension vscode.image-preview {"startup":false,"extensionId":{"value":"vscode.image-preview","_lower":"vscode.image-preview"},"activationEvent":"onCustomEditor:imagePreview.previewEditor"}
[2021-09-13 20:18:19.320] [exthost] [info] ExtensionService#loadCommonJSModule file:///snap/code/73/usr/share/code/resources/app/extensions/image-preview/dist/extension
[2021-09-13 20:18:27.042] [exthost] [info] ExtensionService#_doActivateExtension vscode.html-language-features {"startup":false,"extensionId":{"value":"vscode.html-language-features","_lower":"vscode.html-language-features"},"activationEvent":"onLanguage:html"}
[2021-09-13 20:18:27.042] [exthost] [info] ExtensionService#loadCommonJSModule file:///snap/code/73/usr/share/code/resources/app/extensions/html-language-features/client/dist/node/htmlClientMain
[2021-09-13 20:38:24.697] [exthost] [error] [vscode.html-language-features] provider FAILED
[2021-09-13 20:38:24.759] [exthost] [error] Canceled: Canceled
	at T.makeCancelError (/snap/code/73/usr/share/code/resources/app/extensions/html-language-features/client/dist/node/htmlClientMain.js:1:436922)
	at T.handleFailedRequest (/snap/code/73/usr/share/code/resources/app/extensions/html-language-features/client/dist/node/htmlClientMain.js:1:436773)
	at /snap/code/73/usr/share/code/resources/app/extensions/html-language-features/client/dist/node/htmlClientMain.js:1:396988
	at async g.provideHover (/snap/code/73/usr/share/code/resources/app/out/vs/workbench/services/extensions/node/extensionHostProcess.js:94:166317)
[2021-09-13 21:33:04.644] [exthost] [info] ExtensionService#_doActivateExtension vscode.extension-editing {"startup":false,"extensionId":{"value":"vscode.extension-editing","_lower":"vscode.extension-editing"},"activationEvent":"onLanguage:markdown"}
[2021-09-13 21:33:04.645] [exthost] [info] ExtensionService#loadCommonJSModule file:///snap/code/73/usr/share/code/resources/app/extensions/extension-editing/dist/extensionEditingMain
[2021-09-13 21:33:04.695] [exthost] [info] ExtensionService#_doActivateExtension vscode.markdown-language-features {"startup":false,"extensionId":{"value":"vscode.markdown-language-features","_lower":"vscode.markdown-language-features"},"activationEvent":"onLanguage:markdown"}
[2021-09-13 21:33:04.695] [exthost] [info] ExtensionService#loadCommonJSModule file:///snap/code/73/usr/share/code/resources/app/extensions/markdown-language-features/dist/extension
[2021-09-13 21:33:06.277] [exthost] [info] ExtensionService#_doActivateExtension vscode.markdown-math {"startup":false,"extensionId":{"value":"vscode.markdown-language-features","_lower":"vscode.markdown-language-features"},"activationEvent":"api"}
[2021-09-13 21:33:06.277] [exthost] [info] ExtensionService#loadCommonJSModule file:///snap/code/73/usr/share/code/resources/app/extensions/markdown-math/dist/extension
[2021-09-15 07:49:42.879] [exthost] [info] extension host terminating: renderer closed the socket
[2021-09-15 07:49:44.128] [exthost] [info] exiting with code 0
